生成启动时间为 2018/8/27 14:25:10。
     1>项目“F:\HuBeiProject-BJJM\BGS\BGS\BGS\BGS.vcxproj”在节点 2 上(Build 个目标)。
     1>ClCompile:
         D:\Program Files (x86)\Microsoft Visual Studio 12.0\VC\bin\CL.exe /c /I"D:\Program Files (x86)\Visual Leak Detector\include" /ZI /nologo /W3 /WX- /sdl /Od /Oy- /D _CRT_SECURE_NO_WARNINGS /D _MBCS /Gm /EHsc /RTC1 /MDd /GS /fp:precise /Zc:wchar_t /Zc:forScope /Fo"Debug\\" /Fd"Debug\vc120.pdb" /Gd /TP /analyze- /errorReport:prompt main.cpp
         main.cpp
     1>f:\hubeiproject-bjjm\bgs\opencv\include\opencv2\core\mat.hpp(1926): warning C4819: 该文件包含不能在当前代码页(936)中表示的字符。请将该文件保存为 Unicode 格式以防止数据丢失
     1>f:\hubeiproject-bjjm\bgs\opencv\include\opencv2\core\persistence.hpp : warning C4819: 该文件包含不能在当前代码页(936)中表示的字符。请将该文件保存为 Unicode 格式以防止数据丢失
     1>f:\hubeiproject-bjjm\bgs\opencv\include\opencv2\core\utility.hpp : warning C4819: 该文件包含不能在当前代码页(936)中表示的字符。请将该文件保存为 Unicode 格式以防止数据丢失
     1>f:\hubeiproject-bjjm\bgs\opencv\include\opencv2\imgproc.hpp(617): warning C4819: 该文件包含不能在当前代码页(936)中表示的字符。请将该文件保存为 Unicode 格式以防止数据丢失
       Link:
         D:\Program Files (x86)\Microsoft Visual Studio 12.0\VC\bin\link.exe /ERRORREPORT:PROMPT /OUT:"F:\HuBeiProject-BJJM\BGS\BGS\Debug\BGS.exe" /INCREMENTAL /NOLOGO /LIBPATH:"D:\Program Files (x86)\Visual Leak Detector\lib\Win32" opencv_calib3d320d.lib opencv_core320d.lib opencv_features2d320d.lib opencv_flann320d.lib opencv_highgui320d.lib opencv_imgcodecs320d.lib opencv_imgproc320d.lib opencv_ml320d.lib opencv_objdetect320d.lib opencv_photo320d.lib opencv_shape320d.lib opencv_stitching320d.lib opencv_superres320d.lib opencv_video320d.lib opencv_videoio320d.lib opencv_videostab320d.lib /MANIFEST /MANIFESTUAC:"level='asInvoker' uiAccess='false'" /manifest:embed /DEBUG /PDB:"F:\HuBeiProject-BJJM\BGS\BGS\Debug\BGS.pdb" /TLBID:1 /DYNAMICBASE /NXCOMPAT /IMPLIB:"F:\HuBeiProject-BJJM\BGS\BGS\Debug\BGS.lib" /MACHINE:X86 Debug\BackgroundSubtractorLBSP.obj
         Debug\BackgroundSubtractorLBSP_.obj
         Debug\BackgroundSubtractorSuBSENSE.obj
         Debug\LBSP.obj
         Debug\LBSP_.obj
         Debug\main.obj
         Debug\PBAS.obj
         Debug\RTSuperpixel.obj
         Debug\SLIC.obj
         Debug\SuperPixelBackgroundSubstractor.obj
         "Debug\vibe-background-sequential.obj"
         BGS.vcxproj -> F:\HuBeiProject-BJJM\BGS\BGS\Debug\BGS.exe
     1>已完成生成项目“F:\HuBeiProject-BJJM\BGS\BGS\BGS\BGS.vcxproj”(Build 个目标)的操作。

生成成功。

已用时间 00:00:03.81
