d:\bjjm712\bgs\bgs\bgs\debug\vc120.pdb
d:\bjjm712\bgs\bgs\bgs\debug\vc120.idb
d:\bjjm712\bgs\bgs\bgs\debug\backgroundsubtractorlbsp.obj
d:\bjjm712\bgs\bgs\bgs\debug\backgroundsubtractorlbsp_.obj
d:\bjjm712\bgs\bgs\bgs\debug\backgroundsubtractorsubsense.obj
d:\bjjm712\bgs\bgs\bgs\debug\lbsp.obj
d:\bjjm712\bgs\bgs\bgs\debug\lbsp_.obj
d:\bjjm712\bgs\bgs\bgs\debug\main.obj
d:\bjjm712\bgs\bgs\bgs\debug\pbas.obj
d:\bjjm712\bgs\bgs\bgs\debug\rtsuperpixel.obj
d:\bjjm712\bgs\bgs\bgs\debug\slic.obj
d:\bjjm712\bgs\bgs\bgs\debug\superpixelbackgroundsubstractor.obj
d:\bjjm712\bgs\bgs\bgs\debug\vibe-background-sequential.obj
d:\bjjm712\bgs\bgs\debug\bgs.ilk
d:\bjjm712\bgs\bgs\debug\bgs.exe
d:\bjjm712\bgs\bgs\bgs\debug\bgs.tlog\cl.command.1.tlog
d:\bjjm712\bgs\bgs\bgs\debug\bgs.tlog\cl.read.1.tlog
d:\bjjm712\bgs\bgs\bgs\debug\bgs.tlog\cl.write.1.tlog
d:\bjjm712\bgs\bgs\bgs\debug\bgs.tlog\link.command.1.tlog
d:\bjjm712\bgs\bgs\bgs\debug\bgs.tlog\link.read.1.tlog
d:\bjjm712\bgs\bgs\bgs\debug\bgs.tlog\link.write.1.tlog
