d:\bjjm712\bgs\bgs\x64\debug\bgs.lib
d:\bjjm712\bgs\bgs\x64\debug\bgs.exp
d:\bjjm712\bgs\bgs\bgs\x64\debug\vc120.pdb
d:\bjjm712\bgs\bgs\bgs\x64\debug\vibe-background-sequential.obj
d:\bjjm712\bgs\bgs\bgs\x64\debug\superpixelbackgroundsubstractor.obj
d:\bjjm712\bgs\bgs\bgs\x64\debug\slic.obj
d:\bjjm712\bgs\bgs\bgs\x64\debug\rtsuperpixel.obj
d:\bjjm712\bgs\bgs\bgs\x64\debug\pbas.obj
d:\bjjm712\bgs\bgs\bgs\x64\debug\main.obj
d:\bjjm712\bgs\bgs\bgs\x64\debug\lbsp_.obj
d:\bjjm712\bgs\bgs\bgs\x64\debug\lbsp.obj
d:\bjjm712\bgs\bgs\bgs\x64\debug\backgroundsubtractorsubsense.obj
d:\bjjm712\bgs\bgs\bgs\x64\debug\backgroundsubtractorlbsp_.obj
d:\bjjm712\bgs\bgs\bgs\x64\debug\backgroundsubtractorlbsp.obj
d:\bjjm712\bgs\bgs\x64\debug\bgs.ilk
d:\bjjm712\bgs\bgs\x64\debug\bgs.exe
d:\bjjm712\bgs\bgs\x64\debug\bgs.pdb
d:\bjjm712\bgs\bgs\bgs\x64\debug\vc120.idb
d:\bjjm712\bgs\bgs\bgs\x64\debug\bgs.tlog\bgs.write.1u.tlog
d:\bjjm712\bgs\bgs\bgs\x64\debug\bgs.tlog\cl.command.1.tlog
d:\bjjm712\bgs\bgs\bgs\x64\debug\bgs.tlog\cl.read.1.tlog
d:\bjjm712\bgs\bgs\bgs\x64\debug\bgs.tlog\cl.write.1.tlog
d:\bjjm712\bgs\bgs\bgs\x64\debug\bgs.tlog\lib-link.read.1.tlog
d:\bjjm712\bgs\bgs\bgs\x64\debug\bgs.tlog\lib-link.write.1.tlog
d:\bjjm712\bgs\bgs\bgs\x64\debug\bgs.tlog\lib.command.1.tlog
d:\bjjm712\bgs\bgs\bgs\x64\debug\bgs.tlog\link.command.1.tlog
d:\bjjm712\bgs\bgs\bgs\x64\debug\bgs.tlog\link.read.1.tlog
d:\bjjm712\bgs\bgs\bgs\x64\debug\bgs.tlog\link.write.1.tlog
